{"C:\\MOSTAFA\\2eme-annee-briefs\\Tirelire\\src\\controllers\\group.controller.js": {"path":"C:\\MOSTAFA\\2eme-annee-briefs\\Tirelire\\src\\controllers\\group.controller.js","statementMap":{"0":{"start":{"line":1,"column":22},"end":{"line":1,"column":59}},"1":{"start":{"line":5,"column":8},"end":{"line":12,"column":9}},"2":{"start":{"line":6,"column":12},"end":{"line":6,"column":41}},"3":{"start":{"line":8,"column":26},"end":{"line":8,"column":61}},"4":{"start":{"line":9,"column":12},"end":{"line":9,"column":84}},"5":{"start":{"line":11,"column":12},"end":{"line":11,"column":59}},"6":{"start":{"line":16,"column":8},"end":{"line":22,"column":9}},"7":{"start":{"line":18,"column":26},"end":{"line":18,"column":90}},"8":{"start":{"line":19,"column":12},"end":{"line":19,"column":95}},"9":{"start":{"line":21,"column":12},"end":{"line":21,"column":59}},"10":{"start":{"line":27,"column":8},"end":{"line":33,"column":9}},"11":{"start":{"line":29,"column":26},"end":{"line":29,"column":84}},"12":{"start":{"line":30,"column":12},"end":{"line":30,"column":93}},"13":{"start":{"line":32,"column":12},"end":{"line":32,"column":59}},"14":{"start":{"line":37,"column":8},"end":{"line":47,"column":9}},"15":{"start":{"line":39,"column":26},"end":{"line":39,"column":95}},"16":{"start":{"line":41,"column":12},"end":{"line":44,"column":15}},"17":{"start":{"line":46,"column":12},"end":{"line":46,"column":59}},"18":{"start":{"line":51,"column":8},"end":{"line":57,"column":9}},"19":{"start":{"line":53,"column":27},"end":{"line":53,"column":70}},"20":{"start":{"line":54,"column":12},"end":{"line":54,"column":53}},"21":{"start":{"line":56,"column":12},"end":{"line":56,"column":59}},"22":{"start":{"line":61,"column":0},"end":{"line":61,"column":37}}},"fnMap":{"0":{"name":"(anonymous_0)","decl":{"start":{"line":4,"column":4},"end":{"line":4,"column":5}},"loc":{"start":{"line":4,"column":26},"end":{"line":13,"column":5}},"line":4},"1":{"name":"(anonymous_1)","decl":{"start":{"line":15,"column":4},"end":{"line":15,"column":5}},"loc":{"start":{"line":15,"column":30},"end":{"line":24,"column":5}},"line":15},"2":{"name":"(anonymous_2)","decl":{"start":{"line":26,"column":4},"end":{"line":26,"column":5}},"loc":{"start":{"line":26,"column":31},"end":{"line":34,"column":5}},"line":26},"3":{"name":"(anonymous_3)","decl":{"start":{"line":36,"column":4},"end":{"line":36,"column":5}},"loc":{"start":{"line":36,"column":32},"end":{"line":48,"column":5}},"line":36},"4":{"name":"(anonymous_4)","decl":{"start":{"line":50,"column":4},"end":{"line":50,"column":5}},"loc":{"start":{"line":50,"column":42},"end":{"line":58,"column":5}},"line":50}},"branchMap":{},"s":{"0":1,"1":2,"2":2,"3":2,"4":1,"5":1,"6":2,"7":2,"8":1,"9":1,"10":2,"11":2,"12":1,"13":1,"14":2,"15":2,"16":1,"17":1,"18":2,"19":2,"20":1,"21":1,"22":1},"f":{"0":2,"1":2,"2":2,"3":2,"4":2},"b":{},"_coverageSchema":"1a1c01bbd47fc00a2c39e90264f33305004495a9","hash":"6d828c1e36b698d4846471506418857b369a9029"}
,"C:\\MOSTAFA\\2eme-annee-briefs\\Tirelire\\src\\controllers\\message.controller.js": {"path":"C:\\MOSTAFA\\2eme-annee-briefs\\Tirelire\\src\\controllers\\message.controller.js","statementMap":{"0":{"start":{"line":1,"column":23},"end":{"line":1,"column":62}},"1":{"start":{"line":5,"column":8},"end":{"line":10,"column":9}},"2":{"start":{"line":6,"column":28},"end":{"line":6,"column":105}},"3":{"start":{"line":7,"column":12},"end":{"line":7,"column":77}},"4":{"start":{"line":9,"column":12},"end":{"line":9,"column":59}},"5":{"start":{"line":14,"column":8},"end":{"line":19,"column":9}},"6":{"start":{"line":15,"column":29},"end":{"line":15,"column":99}},"7":{"start":{"line":16,"column":12},"end":{"line":16,"column":53}},"8":{"start":{"line":18,"column":12},"end":{"line":18,"column":59}},"9":{"start":{"line":23,"column":0},"end":{"line":23,"column":39}}},"fnMap":{"0":{"name":"(anonymous_0)","decl":{"start":{"line":4,"column":4},"end":{"line":4,"column":5}},"loc":{"start":{"line":4,"column":32},"end":{"line":11,"column":5}},"line":4},"1":{"name":"(anonymous_1)","decl":{"start":{"line":13,"column":4},"end":{"line":13,"column":5}},"loc":{"start":{"line":13,"column":38},"end":{"line":20,"column":5}},"line":13}},"branchMap":{},"s":{"0":1,"1":2,"2":2,"3":1,"4":1,"5":2,"6":2,"7":1,"8":1,"9":1},"f":{"0":2,"1":2},"b":{},"_coverageSchema":"1a1c01bbd47fc00a2c39e90264f33305004495a9","hash":"b3fff97995f2b5b5498e192892723c4521f4aeda"}
,"C:\\MOSTAFA\\2eme-annee-briefs\\Tirelire\\src\\controllers\\payment.controller.js": {"path":"C:\\MOSTAFA\\2eme-annee-briefs\\Tirelire\\src\\controllers\\payment.controller.js","statementMap":{"0":{"start":{"line":1,"column":23},"end":{"line":1,"column":61}},"1":{"start":{"line":6,"column":8},"end":{"line":18,"column":9}},"2":{"start":{"line":7,"column":49},"end":{"line":7,"column":57}},"3":{"start":{"line":8,"column":27},"end":{"line":8,"column":38}},"4":{"start":{"line":9,"column":27},"end":{"line":9,"column":95}},"5":{"start":{"line":10,"column":12},"end":{"line":15,"column":15}},"6":{"start":{"line":17,"column":12},"end":{"line":17,"column":78}},"7":{"start":{"line":22,"column":0},"end":{"line":22,"column":41}}},"fnMap":{"0":{"name":"(anonymous_0)","decl":{"start":{"line":5,"column":4},"end":{"line":5,"column":5}},"loc":{"start":{"line":5,"column":34},"end":{"line":19,"column":5}},"line":5}},"branchMap":{},"s":{"0":1,"1":2,"2":2,"3":2,"4":2,"5":1,"6":1,"7":1},"f":{"0":2},"b":{},"_coverageSchema":"1a1c01bbd47fc00a2c39e90264f33305004495a9","hash":"43647f9d8fc20ee5e339ac8ce1cb42678efc3c8c"}
,"C:\\MOSTAFA\\2eme-annee-briefs\\Tirelire\\src\\controllers\\round.controller.js": {"path":"C:\\MOSTAFA\\2eme-annee-briefs\\Tirelire\\src\\controllers\\round.controller.js","statementMap":{"0":{"start":{"line":1,"column":22},"end":{"line":1,"column":59}},"1":{"start":{"line":5,"column":8},"end":{"line":15,"column":9}},"2":{"start":{"line":7,"column":30},"end":{"line":7,"column":85}},"3":{"start":{"line":9,"column":12},"end":{"line":12,"column":15}},"4":{"start":{"line":14,"column":12},"end":{"line":14,"column":59}},"5":{"start":{"line":19,"column":0},"end":{"line":19,"column":37}}},"fnMap":{"0":{"name":"(anonymous_0)","decl":{"start":{"line":4,"column":4},"end":{"line":4,"column":5}},"loc":{"start":{"line":4,"column":36},"end":{"line":16,"column":5}},"line":4}},"branchMap":{},"s":{"0":1,"1":2,"2":2,"3":1,"4":1,"5":1},"f":{"0":2},"b":{},"_coverageSchema":"1a1c01bbd47fc00a2c39e90264f33305004495a9","hash":"899e0abe5f20f7e2015d7ce06f211ef5de16ba08"}
,"C:\\MOSTAFA\\2eme-annee-briefs\\Tirelire\\src\\controllers\\user.controller.js": {"path":"C:\\MOSTAFA\\2eme-annee-briefs\\Tirelire\\src\\controllers\\user.controller.js","statementMap":{"0":{"start":{"line":1,"column":20},"end":{"line":1,"column":59}},"1":{"start":{"line":5,"column":8},"end":{"line":19,"column":9}},"2":{"start":{"line":6,"column":25},"end":{"line":13,"column":13}},"3":{"start":{"line":15,"column":25},"end":{"line":15,"column":54}},"4":{"start":{"line":16,"column":12},"end":{"line":16,"column":82}},"5":{"start":{"line":18,"column":12},"end":{"line":18,"column":59}},"6":{"start":{"line":23,"column":8},"end":{"line":28,"column":9}},"7":{"start":{"line":24,"column":26},"end":{"line":24,"column":59}},"8":{"start":{"line":25,"column":12},"end":{"line":25,"column":81}},"9":{"start":{"line":27,"column":12},"end":{"line":27,"column":59}},"10":{"start":{"line":32,"column":0},"end":{"line":32,"column":38}}},"fnMap":{"0":{"name":"(anonymous_0)","decl":{"start":{"line":4,"column":4},"end":{"line":4,"column":5}},"loc":{"start":{"line":4,"column":26},"end":{"line":20,"column":5}},"line":4},"1":{"name":"(anonymous_1)","decl":{"start":{"line":22,"column":4},"end":{"line":22,"column":5}},"loc":{"start":{"line":22,"column":26},"end":{"line":29,"column":5}},"line":22}},"branchMap":{"0":{"loc":{"start":{"line":12,"column":33},"end":{"line":12,"column":68}},"type":"cond-expr","locations":[{"start":{"line":12,"column":44},"end":{"line":12,"column":61}},{"start":{"line":12,"column":64},"end":{"line":12,"column":68}}],"line":12}},"s":{"0":1,"1":2,"2":2,"3":2,"4":1,"5":1,"6":2,"7":2,"8":1,"9":1,"10":1},"f":{"0":2,"1":2},"b":{"0":[2,0]},"_coverageSchema":"1a1c01bbd47fc00a2c39e90264f33305004495a9","hash":"7ba931105843a1618ff76bfd78531f1949f2e773"}
,"C:\\MOSTAFA\\2eme-annee-briefs\\Tirelire\\src\\models\\group.model.js": {"path":"C:\\MOSTAFA\\2eme-annee-briefs\\Tirelire\\src\\models\\group.model.js","statementMap":{"0":{"start":{"line":1,"column":17},"end":{"line":1,"column":36}},"1":{"start":{"line":2,"column":19},"end":{"line":2,"column":27}},"2":{"start":{"line":4,"column":20},"end":{"line":19,"column":24}},"3":{"start":{"line":21,"column":14},"end":{"line":21,"column":50}},"4":{"start":{"line":23,"column":0},"end":{"line":23,"column":23}}},"fnMap":{},"branchMap":{},"s":{"0":8,"1":8,"2":8,"3":8,"4":8},"f":{},"b":{},"_coverageSchema":"1a1c01bbd47fc00a2c39e90264f33305004495a9","hash":"613a36bd51b7fb679185fefeb28731dbcd351280"}
,"C:\\MOSTAFA\\2eme-annee-briefs\\Tirelire\\src\\models\\message.model.js": {"path":"C:\\MOSTAFA\\2eme-annee-briefs\\Tirelire\\src\\models\\message.model.js","statementMap":{"0":{"start":{"line":1,"column":21},"end":{"line":1,"column":40}},"1":{"start":{"line":2,"column":23},"end":{"line":2,"column":31}},"2":{"start":{"line":4,"column":26},"end":{"line":16,"column":28}},"3":{"start":{"line":18,"column":20},"end":{"line":18,"column":60}},"4":{"start":{"line":20,"column":4},"end":{"line":20,"column":29}}},"fnMap":{},"branchMap":{},"s":{"0":2,"1":2,"2":2,"3":2,"4":2},"f":{},"b":{},"_coverageSchema":"1a1c01bbd47fc00a2c39e90264f33305004495a9","hash":"2225aaa30e6d0dcd1f8fad740f67e5857cac07b5"}
,"C:\\MOSTAFA\\2eme-annee-briefs\\Tirelire\\src\\models\\payment.model.js": {"path":"C:\\MOSTAFA\\2eme-annee-briefs\\Tirelire\\src\\models\\payment.model.js","statementMap":{"0":{"start":{"line":1,"column":17},"end":{"line":1,"column":36}},"1":{"start":{"line":2,"column":19},"end":{"line":2,"column":27}},"2":{"start":{"line":4,"column":22},"end":{"line":13,"column":24}},"3":{"start":{"line":15,"column":16},"end":{"line":15,"column":56}},"4":{"start":{"line":17,"column":0},"end":{"line":17,"column":25}}},"fnMap":{},"branchMap":{},"s":{"0":2,"1":2,"2":2,"3":2,"4":2},"f":{},"b":{},"_coverageSchema":"1a1c01bbd47fc00a2c39e90264f33305004495a9","hash":"528504b9688223f5cd6271241f560b91e9d88481"}
,"C:\\MOSTAFA\\2eme-annee-briefs\\Tirelire\\src\\models\\round.model.js": {"path":"C:\\MOSTAFA\\2eme-annee-briefs\\Tirelire\\src\\models\\round.model.js","statementMap":{"0":{"start":{"line":1,"column":17},"end":{"line":1,"column":36}},"1":{"start":{"line":2,"column":19},"end":{"line":2,"column":27}},"2":{"start":{"line":4,"column":27},"end":{"line":9,"column":18}},"3":{"start":{"line":11,"column":32},"end":{"line":20,"column":24}},"4":{"start":{"line":22,"column":26},"end":{"line":22,"column":86}},"5":{"start":{"line":24,"column":0},"end":{"line":24,"column":35}}},"fnMap":{},"branchMap":{},"s":{"0":6,"1":6,"2":6,"3":6,"4":6,"5":6},"f":{},"b":{},"_coverageSchema":"1a1c01bbd47fc00a2c39e90264f33305004495a9","hash":"bd43597ec730b447f6c25da5fad188da1156fbab"}
,"C:\\MOSTAFA\\2eme-annee-briefs\\Tirelire\\src\\models\\user.model.js": {"path":"C:\\MOSTAFA\\2eme-annee-briefs\\Tirelire\\src\\models\\user.model.js","statementMap":{"0":{"start":{"line":1,"column":17},"end":{"line":1,"column":36}},"1":{"start":{"line":2,"column":19},"end":{"line":2,"column":27}},"2":{"start":{"line":4,"column":19},"end":{"line":26,"column":24}},"3":{"start":{"line":28,"column":13},"end":{"line":28,"column":47}},"4":{"start":{"line":29,"column":0},"end":{"line":29,"column":22}}},"fnMap":{},"branchMap":{},"s":{"0":6,"1":6,"2":6,"3":6,"4":6},"f":{},"b":{},"_coverageSchema":"1a1c01bbd47fc00a2c39e90264f33305004495a9","hash":"afbb4e9a5b0ca9e1c6e13aac0939c04d73a14cd0"}
,"C:\\MOSTAFA\\2eme-annee-briefs\\Tirelire\\src\\services\\group.services.js": {"path":"C:\\MOSTAFA\\2eme-annee-briefs\\Tirelire\\src\\services\\group.services.js","statementMap":{"0":{"start":{"line":1,"column":30},"end":{"line":1,"column":49}},"1":{"start":{"line":2,"column":14},"end":{"line":2,"column":46}},"2":{"start":{"line":3,"column":13},"end":{"line":3,"column":44}},"3":{"start":{"line":4,"column":22},"end":{"line":4,"column":49}},"4":{"start":{"line":5,"column":13},"end":{"line":5,"column":28}},"5":{"start":{"line":6,"column":11},"end":{"line":6,"column":24}},"6":{"start":{"line":10,"column":8},"end":{"line":20,"column":9}},"7":{"start":{"line":11,"column":26},"end":{"line":11,"column":50}},"8":{"start":{"line":14,"column":12},"end":{"line":14,"column":62}},"9":{"start":{"line":16,"column":12},"end":{"line":16,"column":25}},"10":{"start":{"line":19,"column":12},"end":{"line":19,"column":71}},"11":{"start":{"line":24,"column":8},"end":{"line":44,"column":9}},"12":{"start":{"line":25,"column":26},"end":{"line":25,"column":55}},"13":{"start":{"line":26,"column":12},"end":{"line":26,"column":58}},"14":{"start":{"line":26,"column":23},"end":{"line":26,"column":58}},"15":{"start":{"line":29,"column":28},"end":{"line":29,"column":56}},"16":{"start":{"line":30,"column":12},"end":{"line":30,"column":49}},"17":{"start":{"line":31,"column":12},"end":{"line":31,"column":33}},"18":{"start":{"line":33,"column":30},"end":{"line":33,"column":85}},"19":{"start":{"line":34,"column":12},"end":{"line":38,"column":14}},"20":{"start":{"line":39,"column":12},"end":{"line":39,"column":31}},"21":{"start":{"line":40,"column":12},"end":{"line":40,"column":25}},"22":{"start":{"line":43,"column":12},"end":{"line":43,"column":69}},"23":{"start":{"line":48,"column":8},"end":{"line":82,"column":9}},"24":{"start":{"line":49,"column":26},"end":{"line":49,"column":55}},"25":{"start":{"line":51,"column":12},"end":{"line":51,"column":59}},"26":{"start":{"line":51,"column":24},"end":{"line":51,"column":59}},"27":{"start":{"line":54,"column":29},"end":{"line":54,"column":86}},"28":{"start":{"line":54,"column":55},"end":{"line":54,"column":85}},"29":{"start":{"line":55,"column":12},"end":{"line":55,"column":81}},"30":{"start":{"line":55,"column":27},"end":{"line":55,"column":81}},"31":{"start":{"line":58,"column":12},"end":{"line":60,"column":13}},"32":{"start":{"line":59,"column":16},"end":{"line":59,"column":92}},"33":{"start":{"line":62,"column":25},"end":{"line":62,"column":52}},"34":{"start":{"line":63,"column":12},"end":{"line":73,"column":13}},"35":{"start":{"line":66,"column":34},"end":{"line":66,"column":95}},"36":{"start":{"line":67,"column":16},"end":{"line":69,"column":17}},"37":{"start":{"line":68,"column":20},"end":{"line":68,"column":45}},"38":{"start":{"line":71,"column":16},"end":{"line":71,"column":40}},"39":{"start":{"line":72,"column":16},"end":{"line":72,"column":34}},"40":{"start":{"line":76,"column":12},"end":{"line":76,"column":88}},"41":{"start":{"line":76,"column":56},"end":{"line":76,"column":86}},"42":{"start":{"line":77,"column":12},"end":{"line":77,"column":31}},"43":{"start":{"line":78,"column":12},"end":{"line":78,"column":25}},"44":{"start":{"line":81,"column":12},"end":{"line":81,"column":71}},"45":{"start":{"line":86,"column":8},"end":{"line":105,"column":9}},"46":{"start":{"line":87,"column":26},"end":{"line":87,"column":55}},"47":{"start":{"line":88,"column":12},"end":{"line":88,"column":59}},"48":{"start":{"line":88,"column":24},"end":{"line":88,"column":59}},"49":{"start":{"line":91,"column":12},"end":{"line":93,"column":13}},"50":{"start":{"line":92,"column":16},"end":{"line":92,"column":77}},"51":{"start":{"line":96,"column":12},"end":{"line":96,"column":108}},"52":{"start":{"line":97,"column":12},"end":{"line":97,"column":117}},"53":{"start":{"line":98,"column":12},"end":{"line":98,"column":90}},"54":{"start":{"line":100,"column":12},"end":{"line":100,"column":31}},"55":{"start":{"line":102,"column":12},"end":{"line":102,"column":25}},"56":{"start":{"line":104,"column":12},"end":{"line":104,"column":72}},"57":{"start":{"line":109,"column":8},"end":{"line":134,"column":9}},"58":{"start":{"line":110,"column":27},"end":{"line":110,"column":45}},"59":{"start":{"line":111,"column":30},"end":{"line":111,"column":40}},"60":{"start":{"line":112,"column":12},"end":{"line":129,"column":13}},"61":{"start":{"line":113,"column":16},"end":{"line":126,"column":17}},"62":{"start":{"line":115,"column":38},"end":{"line":115,"column":71}},"63":{"start":{"line":116,"column":34},"end":{"line":116,"column":103}},"64":{"start":{"line":118,"column":20},"end":{"line":118,"column":49}},"65":{"start":{"line":121,"column":33},"end":{"line":121,"column":67}},"66":{"start":{"line":122,"column":20},"end":{"line":125,"column":21}},"67":{"start":{"line":123,"column":24},"end":{"line":123,"column":55}},"68":{"start":{"line":124,"column":24},"end":{"line":124,"column":42}},"69":{"start":{"line":128,"column":16},"end":{"line":128,"column":35}},"70":{"start":{"line":131,"column":12},"end":{"line":131,"column":26}},"71":{"start":{"line":133,"column":12},"end":{"line":133,"column":87}},"72":{"start":{"line":138,"column":20},"end":{"line":138,"column":21}},"73":{"start":{"line":139,"column":8},"end":{"line":146,"column":9}},"74":{"start":{"line":141,"column":35},"end":{"line":141,"column":99}},"75":{"start":{"line":142,"column":12},"end":{"line":142,"column":39}},"76":{"start":{"line":143,"column":15},"end":{"line":146,"column":9}},"77":{"start":{"line":144,"column":36},"end":{"line":144,"column":101}},"78":{"start":{"line":145,"column":12},"end":{"line":145,"column":41}},"79":{"start":{"line":148,"column":8},"end":{"line":148,"column":21}},"80":{"start":{"line":153,"column":0},"end":{"line":153,"column":35}}},"fnMap":{"0":{"name":"(anonymous_0)","decl":{"start":{"line":9,"column":4},"end":{"line":9,"column":5}},"loc":{"start":{"line":9,"column":22},"end":{"line":21,"column":5}},"line":9},"1":{"name":"(anonymous_1)","decl":{"start":{"line":23,"column":4},"end":{"line":23,"column":5}},"loc":{"start":{"line":23,"column":42},"end":{"line":45,"column":5}},"line":23},"2":{"name":"(anonymous_2)","decl":{"start":{"line":47,"column":4},"end":{"line":47,"column":5}},"loc":{"start":{"line":47,"column":38},"end":{"line":83,"column":5}},"line":47},"3":{"name":"(anonymous_3)","decl":{"start":{"line":54,"column":48},"end":{"line":54,"column":49}},"loc":{"start":{"line":54,"column":55},"end":{"line":54,"column":85}},"line":54},"4":{"name":"(anonymous_4)","decl":{"start":{"line":76,"column":49},"end":{"line":76,"column":50}},"loc":{"start":{"line":76,"column":56},"end":{"line":76,"column":86}},"line":76},"5":{"name":"(anonymous_5)","decl":{"start":{"line":85,"column":4},"end":{"line":85,"column":5}},"loc":{"start":{"line":85,"column":50},"end":{"line":106,"column":5}},"line":85},"6":{"name":"(anonymous_6)","decl":{"start":{"line":108,"column":4},"end":{"line":108,"column":5}},"loc":{"start":{"line":108,"column":34},"end":{"line":135,"column":5}},"line":108},"7":{"name":"(anonymous_7)","decl":{"start":{"line":137,"column":4},"end":{"line":137,"column":5}},"loc":{"start":{"line":137,"column":62},"end":{"line":149,"column":5}},"line":137}},"branchMap":{"0":{"loc":{"start":{"line":26,"column":12},"end":{"line":26,"column":58}},"type":"if","locations":[{"start":{"line":26,"column":12},"end":{"line":26,"column":58}},{"start":{},"end":{}}],"line":26},"1":{"loc":{"start":{"line":33,"column":30},"end":{"line":33,"column":85}},"type":"cond-expr","locations":[{"start":{"line":33,"column":67},"end":{"line":33,"column":74}},{"start":{"line":33,"column":77},"end":{"line":33,"column":85}}],"line":33},"2":{"loc":{"start":{"line":51,"column":12},"end":{"line":51,"column":59}},"type":"if","locations":[{"start":{"line":51,"column":12},"end":{"line":51,"column":59}},{"start":{},"end":{}}],"line":51},"3":{"loc":{"start":{"line":55,"column":12},"end":{"line":55,"column":81}},"type":"if","locations":[{"start":{"line":55,"column":12},"end":{"line":55,"column":81}},{"start":{},"end":{}}],"line":55},"4":{"loc":{"start":{"line":58,"column":12},"end":{"line":60,"column":13}},"type":"if","locations":[{"start":{"line":58,"column":12},"end":{"line":60,"column":13}},{"start":{},"end":{}}],"line":58},"5":{"loc":{"start":{"line":63,"column":12},"end":{"line":73,"column":13}},"type":"if","locations":[{"start":{"line":63,"column":12},"end":{"line":73,"column":13}},{"start":{},"end":{}}],"line":63},"6":{"loc":{"start":{"line":63,"column":15},"end":{"line":63,"column":39}},"type":"binary-expr","locations":[{"start":{"line":63,"column":15},"end":{"line":63,"column":19}},{"start":{"line":63,"column":23},"end":{"line":63,"column":39}}],"line":63},"7":{"loc":{"start":{"line":67,"column":16},"end":{"line":69,"column":17}},"type":"if","locations":[{"start":{"line":67,"column":16},"end":{"line":69,"column":17}},{"start":{},"end":{}}],"line":67},"8":{"loc":{"start":{"line":88,"column":12},"end":{"line":88,"column":59}},"type":"if","locations":[{"start":{"line":88,"column":12},"end":{"line":88,"column":59}},{"start":{},"end":{}}],"line":88},"9":{"loc":{"start":{"line":91,"column":12},"end":{"line":93,"column":13}},"type":"if","locations":[{"start":{"line":91,"column":12},"end":{"line":93,"column":13}},{"start":{},"end":{}}],"line":91},"10":{"loc":{"start":{"line":96,"column":45},"end":{"line":96,"column":107}},"type":"binary-expr","locations":[{"start":{"line":96,"column":45},"end":{"line":96,"column":73}},{"start":{"line":96,"column":77},"end":{"line":96,"column":107}}],"line":96},"11":{"loc":{"start":{"line":97,"column":48},"end":{"line":97,"column":116}},"type":"binary-expr","locations":[{"start":{"line":97,"column":48},"end":{"line":97,"column":79}},{"start":{"line":97,"column":83},"end":{"line":97,"column":116}}],"line":97},"12":{"loc":{"start":{"line":98,"column":39},"end":{"line":98,"column":89}},"type":"binary-expr","locations":[{"start":{"line":98,"column":39},"end":{"line":98,"column":61}},{"start":{"line":98,"column":65},"end":{"line":98,"column":89}}],"line":98},"13":{"loc":{"start":{"line":122,"column":20},"end":{"line":125,"column":21}},"type":"if","locations":[{"start":{"line":122,"column":20},"end":{"line":125,"column":21}},{"start":{},"end":{}}],"line":122},"14":{"loc":{"start":{"line":139,"column":8},"end":{"line":146,"column":9}},"type":"if","locations":[{"start":{"line":139,"column":8},"end":{"line":146,"column":9}},{"start":{"line":143,"column":15},"end":{"line":146,"column":9}}],"line":139},"15":{"loc":{"start":{"line":143,"column":15},"end":{"line":146,"column":9}},"type":"if","locations":[{"start":{"line":143,"column":15},"end":{"line":146,"column":9}},{"start":{},"end":{}}],"line":143}},"s":{"0":2,"1":2,"2":2,"3":2,"4":2,"5":2,"6":2,"7":2,"8":1,"9":1,"10":1,"11":0,"12":0,"13":0,"14":0,"15":0,"16":0,"17":0,"18":0,"19":0,"20":0,"21":0,"22":0,"23":0,"24":0,"25":0,"26":0,"27":0,"28":0,"29":0,"30":0,"31":0,"32":0,"33":0,"34":0,"35":0,"36":0,"37":0,"38":0,"39":0,"40":0,"41":0,"42":0,"43":0,"44":0,"45":0,"46":0,"47":0,"48":0,"49":0,"50":0,"51":0,"52":0,"53":0,"54":0,"55":0,"56":0,"57":0,"58":0,"59":0,"60":0,"61":0,"62":0,"63":0,"64":0,"65":0,"66":0,"67":0,"68":0,"69":0,"70":0,"71":0,"72":1,"73":1,"74":1,"75":1,"76":0,"77":0,"78":0,"79":1,"80":2},"f":{"0":2,"1":0,"2":0,"3":0,"4":0,"5":0,"6":0,"7":1},"b":{"0":[0,0],"1":[0,0],"2":[0,0],"3":[0,0],"4":[0,0],"5":[0,0],"6":[0,0],"7":[0,0],"8":[0,0],"9":[0,0],"10":[0,0],"11":[0,0],"12":[0,0],"13":[0,0],"14":[1,0],"15":[0,0]},"_coverageSchema":"1a1c01bbd47fc00a2c39e90264f33305004495a9","hash":"bbcf3f06e303c2dd1fb801fac8ce9f06108a1b30"}
,"C:\\MOSTAFA\\2eme-annee-briefs\\Tirelire\\src\\services\\message.services.js": {"path":"C:\\MOSTAFA\\2eme-annee-briefs\\Tirelire\\src\\services\\message.services.js","statementMap":{"0":{"start":{"line":1,"column":16},"end":{"line":1,"column":50}},"1":{"start":{"line":2,"column":14},"end":{"line":2,"column":46}},"2":{"start":{"line":7,"column":22},"end":{"line":7,"column":51}},"3":{"start":{"line":8,"column":8},"end":{"line":8,"column":54}},"4":{"start":{"line":8,"column":19},"end":{"line":8,"column":54}},"5":{"start":{"line":10,"column":25},"end":{"line":10,"column":82}},"6":{"start":{"line":10,"column":49},"end":{"line":10,"column":81}},"7":{"start":{"line":11,"column":8},"end":{"line":11,"column":76}},"8":{"start":{"line":11,"column":22},"end":{"line":11,"column":76}},"9":{"start":{"line":13,"column":21},"end":{"line":18,"column":9}},"10":{"start":{"line":19,"column":8},"end":{"line":19,"column":42}},"11":{"start":{"line":23,"column":22},"end":{"line":23,"column":51}},"12":{"start":{"line":24,"column":8},"end":{"line":24,"column":54}},"13":{"start":{"line":24,"column":19},"end":{"line":24,"column":54}},"14":{"start":{"line":26,"column":25},"end":{"line":26,"column":80}},"15":{"start":{"line":26,"column":49},"end":{"line":26,"column":79}},"16":{"start":{"line":27,"column":8},"end":{"line":27,"column":76}},"17":{"start":{"line":27,"column":22},"end":{"line":27,"column":76}},"18":{"start":{"line":29,"column":22},"end":{"line":29,"column":40}},"19":{"start":{"line":31,"column":8},"end":{"line":33,"column":55}},"20":{"start":{"line":37,"column":0},"end":{"line":37,"column":38}}},"fnMap":{"0":{"name":"(anonymous_0)","decl":{"start":{"line":5,"column":4},"end":{"line":5,"column":5}},"loc":{"start":{"line":5,"column":52},"end":{"line":20,"column":5}},"line":5},"1":{"name":"(anonymous_1)","decl":{"start":{"line":10,"column":44},"end":{"line":10,"column":45}},"loc":{"start":{"line":10,"column":49},"end":{"line":10,"column":81}},"line":10},"2":{"name":"(anonymous_2)","decl":{"start":{"line":22,"column":4},"end":{"line":22,"column":5}},"loc":{"start":{"line":22,"column":45},"end":{"line":34,"column":5}},"line":22},"3":{"name":"(anonymous_3)","decl":{"start":{"line":26,"column":44},"end":{"line":26,"column":45}},"loc":{"start":{"line":26,"column":49},"end":{"line":26,"column":79}},"line":26}},"branchMap":{"0":{"loc":{"start":{"line":8,"column":8},"end":{"line":8,"column":54}},"type":"if","locations":[{"start":{"line":8,"column":8},"end":{"line":8,"column":54}},{"start":{},"end":{}}],"line":8},"1":{"loc":{"start":{"line":11,"column":8},"end":{"line":11,"column":76}},"type":"if","locations":[{"start":{"line":11,"column":8},"end":{"line":11,"column":76}},{"start":{},"end":{}}],"line":11},"2":{"loc":{"start":{"line":17,"column":25},"end":{"line":17,"column":50}},"type":"binary-expr","locations":[{"start":{"line":17,"column":25},"end":{"line":17,"column":44}},{"start":{"line":17,"column":48},"end":{"line":17,"column":50}}],"line":17},"3":{"loc":{"start":{"line":24,"column":8},"end":{"line":24,"column":54}},"type":"if","locations":[{"start":{"line":24,"column":8},"end":{"line":24,"column":54}},{"start":{},"end":{}}],"line":24},"4":{"loc":{"start":{"line":27,"column":8},"end":{"line":27,"column":76}},"type":"if","locations":[{"start":{"line":27,"column":8},"end":{"line":27,"column":76}},{"start":{},"end":{}}],"line":27}},"s":{"0":2,"1":2,"2":2,"3":2,"4":1,"5":1,"6":1,"7":1,"8":0,"9":1,"10":1,"11":0,"12":0,"13":0,"14":0,"15":0,"16":0,"17":0,"18":0,"19":0,"20":2},"f":{"0":2,"1":1,"2":0,"3":0},"b":{"0":[1,1],"1":[0,1],"2":[1,1],"3":[0,0],"4":[0,0]},"_coverageSchema":"1a1c01bbd47fc00a2c39e90264f33305004495a9","hash":"4a886685931ff9ad27c6cbea86d9bc548b908d69"}
,"C:\\MOSTAFA\\2eme-annee-briefs\\Tirelire\\src\\services\\payment.service.js": {"path":"C:\\MOSTAFA\\2eme-annee-briefs\\Tirelire\\src\\services\\payment.service.js","statementMap":{"0":{"start":{"line":1,"column":15},"end":{"line":1,"column":32}},"1":{"start":{"line":2,"column":16},"end":{"line":2,"column":50}},"2":{"start":{"line":3,"column":14},"end":{"line":3,"column":46}},"3":{"start":{"line":4,"column":26},"end":{"line":4,"column":58}},"4":{"start":{"line":5,"column":15},"end":{"line":5,"column":56}},"5":{"start":{"line":10,"column":22},"end":{"line":10,"column":51}},"6":{"start":{"line":11,"column":8},"end":{"line":11,"column":55}},"7":{"start":{"line":11,"column":20},"end":{"line":11,"column":55}},"8":{"start":{"line":13,"column":34},"end":{"line":13,"column":75}},"9":{"start":{"line":14,"column":8},"end":{"line":14,"column":79}},"10":{"start":{"line":14,"column":31},"end":{"line":14,"column":79}},"11":{"start":{"line":17,"column":25},"end":{"line":17,"column":82}},"12":{"start":{"line":17,"column":51},"end":{"line":17,"column":81}},"13":{"start":{"line":18,"column":8},"end":{"line":18,"column":77}},"14":{"start":{"line":18,"column":23},"end":{"line":18,"column":77}},"15":{"start":{"line":21,"column":30},"end":{"line":21,"column":105}},"16":{"start":{"line":21,"column":74},"end":{"line":21,"column":104}},"17":{"start":{"line":23,"column":8},"end":{"line":23,"column":75}},"18":{"start":{"line":23,"column":27},"end":{"line":23,"column":75}},"19":{"start":{"line":25,"column":30},"end":{"line":25,"column":42}},"20":{"start":{"line":26,"column":30},"end":{"line":30,"column":10}},"21":{"start":{"line":32,"column":8},"end":{"line":32,"column":64}},"22":{"start":{"line":33,"column":8},"end":{"line":38,"column":10}},"23":{"start":{"line":39,"column":8},"end":{"line":39,"column":39}},"24":{"start":{"line":41,"column":24},"end":{"line":48,"column":10}},"25":{"start":{"line":50,"column":8},"end":{"line":54,"column":9}},"26":{"start":{"line":58,"column":0},"end":{"line":58,"column":36}}},"fnMap":{"0":{"name":"(anonymous_0)","decl":{"start":{"line":8,"column":4},"end":{"line":8,"column":5}},"loc":{"start":{"line":8,"column":58},"end":{"line":55,"column":5}},"line":8},"1":{"name":"(anonymous_1)","decl":{"start":{"line":17,"column":44},"end":{"line":17,"column":45}},"loc":{"start":{"line":17,"column":51},"end":{"line":17,"column":81}},"line":17},"2":{"name":"(anonymous_2)","decl":{"start":{"line":21,"column":67},"end":{"line":21,"column":68}},"loc":{"start":{"line":21,"column":74},"end":{"line":21,"column":104}},"line":21}},"branchMap":{"0":{"loc":{"start":{"line":11,"column":8},"end":{"line":11,"column":55}},"type":"if","locations":[{"start":{"line":11,"column":8},"end":{"line":11,"column":55}},{"start":{},"end":{}}],"line":11},"1":{"loc":{"start":{"line":14,"column":8},"end":{"line":14,"column":79}},"type":"if","locations":[{"start":{"line":14,"column":8},"end":{"line":14,"column":79}},{"start":{},"end":{}}],"line":14},"2":{"loc":{"start":{"line":18,"column":8},"end":{"line":18,"column":77}},"type":"if","locations":[{"start":{"line":18,"column":8},"end":{"line":18,"column":77}},{"start":{},"end":{}}],"line":18},"3":{"loc":{"start":{"line":23,"column":8},"end":{"line":23,"column":75}},"type":"if","locations":[{"start":{"line":23,"column":8},"end":{"line":23,"column":75}},{"start":{},"end":{}}],"line":23}},"s":{"0":2,"1":2,"2":2,"3":2,"4":2,"5":1,"6":1,"7":0,"8":1,"9":1,"10":0,"11":1,"12":1,"13":1,"14":0,"15":1,"16":0,"17":1,"18":0,"19":1,"20":1,"21":1,"22":1,"23":1,"24":1,"25":1,"26":2},"f":{"0":1,"1":1,"2":0},"b":{"0":[0,1],"1":[0,1],"2":[0,1],"3":[0,1]},"_coverageSchema":"1a1c01bbd47fc00a2c39e90264f33305004495a9","hash":"c7831b4554ca616a0dd63d4da01372728d84db9c"}
,"C:\\MOSTAFA\\2eme-annee-briefs\\Tirelire\\src\\services\\round.services.js": {"path":"C:\\MOSTAFA\\2eme-annee-briefs\\Tirelire\\src\\services\\round.services.js","statementMap":{"0":{"start":{"line":1,"column":26},"end":{"line":1,"column":58}},"1":{"start":{"line":2,"column":14},"end":{"line":2,"column":46}},"2":{"start":{"line":3,"column":13},"end":{"line":3,"column":44}},"3":{"start":{"line":7,"column":8},"end":{"line":33,"column":9}},"4":{"start":{"line":8,"column":26},"end":{"line":8,"column":112}},"5":{"start":{"line":9,"column":12},"end":{"line":11,"column":13}},"6":{"start":{"line":10,"column":16},"end":{"line":10,"column":51}},"7":{"start":{"line":13,"column":30},"end":{"line":13,"column":40}},"8":{"start":{"line":14,"column":28},"end":{"line":14,"column":95}},"9":{"start":{"line":16,"column":34},"end":{"line":16,"column":116}},"10":{"start":{"line":16,"column":62},"end":{"line":16,"column":115}},"11":{"start":{"line":19,"column":33},"end":{"line":28,"column":14}},"12":{"start":{"line":30,"column":12},"end":{"line":30,"column":32}},"13":{"start":{"line":32,"column":12},"end":{"line":32,"column":80}},"14":{"start":{"line":37,"column":24},"end":{"line":37,"column":42}},"15":{"start":{"line":39,"column":8},"end":{"line":43,"column":9}},"16":{"start":{"line":40,"column":12},"end":{"line":40,"column":51}},"17":{"start":{"line":41,"column":15},"end":{"line":43,"column":9}},"18":{"start":{"line":42,"column":12},"end":{"line":42,"column":53}},"19":{"start":{"line":45,"column":8},"end":{"line":45,"column":23}},"20":{"start":{"line":49,"column":22},"end":{"line":49,"column":108}},"21":{"start":{"line":50,"column":8},"end":{"line":50,"column":55}},"22":{"start":{"line":50,"column":20},"end":{"line":50,"column":55}},"23":{"start":{"line":53,"column":26},"end":{"line":53,"column":96}},"24":{"start":{"line":55,"column":8},"end":{"line":57,"column":9}},"25":{"start":{"line":56,"column":12},"end":{"line":56,"column":67}},"26":{"start":{"line":60,"column":26},"end":{"line":60,"column":92}},"27":{"start":{"line":62,"column":30},"end":{"line":62,"column":112}},"28":{"start":{"line":62,"column":58},"end":{"line":62,"column":111}},"29":{"start":{"line":65,"column":38},"end":{"line":65,"column":83}},"30":{"start":{"line":65,"column":57},"end":{"line":65,"column":82}},"31":{"start":{"line":67,"column":30},"end":{"line":67,"column":111}},"32":{"start":{"line":67,"column":54},"end":{"line":67,"column":110}},"33":{"start":{"line":69,"column":8},"end":{"line":75,"column":9}},"34":{"start":{"line":70,"column":12},"end":{"line":74,"column":13}},"35":{"start":{"line":71,"column":16},"end":{"line":71,"column":56}},"36":{"start":{"line":72,"column":16},"end":{"line":72,"column":63}},"37":{"start":{"line":73,"column":16},"end":{"line":73,"column":56}},"38":{"start":{"line":77,"column":28},"end":{"line":77,"column":69}},"39":{"start":{"line":78,"column":26},"end":{"line":78,"column":68}},"40":{"start":{"line":79,"column":24},"end":{"line":79,"column":91}},"41":{"start":{"line":81,"column":25},"end":{"line":90,"column":10}},"42":{"start":{"line":92,"column":8},"end":{"line":92,"column":24}},"43":{"start":{"line":96,"column":0},"end":{"line":96,"column":37}}},"fnMap":{"0":{"name":"(anonymous_0)","decl":{"start":{"line":6,"column":4},"end":{"line":6,"column":5}},"loc":{"start":{"line":6,"column":38},"end":{"line":34,"column":5}},"line":6},"1":{"name":"(anonymous_1)","decl":{"start":{"line":16,"column":53},"end":{"line":16,"column":54}},"loc":{"start":{"line":16,"column":62},"end":{"line":16,"column":115}},"line":16},"2":{"name":"(anonymous_2)","decl":{"start":{"line":36,"column":4},"end":{"line":36,"column":5}},"loc":{"start":{"line":36,"column":55},"end":{"line":46,"column":5}},"line":36},"3":{"name":"(anonymous_3)","decl":{"start":{"line":48,"column":4},"end":{"line":48,"column":5}},"loc":{"start":{"line":48,"column":35},"end":{"line":93,"column":5}},"line":48},"4":{"name":"(anonymous_4)","decl":{"start":{"line":62,"column":49},"end":{"line":62,"column":50}},"loc":{"start":{"line":62,"column":58},"end":{"line":62,"column":111}},"line":62},"5":{"name":"(anonymous_5)","decl":{"start":{"line":65,"column":52},"end":{"line":65,"column":53}},"loc":{"start":{"line":65,"column":57},"end":{"line":65,"column":82}},"line":65},"6":{"name":"(anonymous_6)","decl":{"start":{"line":67,"column":49},"end":{"line":67,"column":50}},"loc":{"start":{"line":67,"column":54},"end":{"line":67,"column":110}},"line":67}},"branchMap":{"0":{"loc":{"start":{"line":9,"column":12},"end":{"line":11,"column":13}},"type":"if","locations":[{"start":{"line":9,"column":12},"end":{"line":11,"column":13}},{"start":{},"end":{}}],"line":9},"1":{"loc":{"start":{"line":36,"column":32},"end":{"line":36,"column":53}},"type":"default-arg","locations":[{"start":{"line":36,"column":43},"end":{"line":36,"column":53}}],"line":36},"2":{"loc":{"start":{"line":39,"column":8},"end":{"line":43,"column":9}},"type":"if","locations":[{"start":{"line":39,"column":8},"end":{"line":43,"column":9}},{"start":{"line":41,"column":15},"end":{"line":43,"column":9}}],"line":39},"3":{"loc":{"start":{"line":41,"column":15},"end":{"line":43,"column":9}},"type":"if","locations":[{"start":{"line":41,"column":15},"end":{"line":43,"column":9}},{"start":{},"end":{}}],"line":41},"4":{"loc":{"start":{"line":50,"column":8},"end":{"line":50,"column":55}},"type":"if","locations":[{"start":{"line":50,"column":8},"end":{"line":50,"column":55}},{"start":{},"end":{}}],"line":50},"5":{"loc":{"start":{"line":55,"column":8},"end":{"line":57,"column":9}},"type":"if","locations":[{"start":{"line":55,"column":8},"end":{"line":57,"column":9}},{"start":{},"end":{}}],"line":55},"6":{"loc":{"start":{"line":55,"column":11},"end":{"line":55,"column":55}},"type":"binary-expr","locations":[{"start":{"line":55,"column":11},"end":{"line":55,"column":20}},{"start":{"line":55,"column":24},"end":{"line":55,"column":55}}],"line":55},"7":{"loc":{"start":{"line":69,"column":8},"end":{"line":75,"column":9}},"type":"if","locations":[{"start":{"line":69,"column":8},"end":{"line":75,"column":9}},{"start":{},"end":{}}],"line":69},"8":{"loc":{"start":{"line":70,"column":12},"end":{"line":74,"column":13}},"type":"if","locations":[{"start":{"line":70,"column":12},"end":{"line":74,"column":13}},{"start":{},"end":{}}],"line":70},"9":{"loc":{"start":{"line":77,"column":28},"end":{"line":77,"column":69}},"type":"cond-expr","locations":[{"start":{"line":77,"column":40},"end":{"line":77,"column":65}},{"start":{"line":77,"column":68},"end":{"line":77,"column":69}}],"line":77},"10":{"loc":{"start":{"line":78,"column":26},"end":{"line":78,"column":68}},"type":"cond-expr","locations":[{"start":{"line":78,"column":38},"end":{"line":78,"column":55}},{"start":{"line":78,"column":58},"end":{"line":78,"column":68}}],"line":78}},"s":{"0":4,"1":4,"2":4,"3":2,"4":2,"5":1,"6":0,"7":1,"8":1,"9":1,"10":0,"11":1,"12":1,"13":1,"14":4,"15":4,"16":3,"17":1,"18":1,"19":4,"20":2,"21":2,"22":1,"23":1,"24":1,"25":0,"26":1,"27":1,"28":0,"29":1,"30":1,"31":1,"32":1,"33":1,"34":0,"35":0,"36":0,"37":0,"38":1,"39":1,"40":1,"41":1,"42":1,"43":4},"f":{"0":2,"1":0,"2":4,"3":2,"4":0,"5":1,"6":1},"b":{"0":[0,1],"1":[0],"2":[3,1],"3":[1,0],"4":[1,1],"5":[0,1],"6":[1,1],"7":[0,1],"8":[0,0],"9":[1,0],"10":[1,0]},"_coverageSchema":"1a1c01bbd47fc00a2c39e90264f33305004495a9","hash":"12315cbb142378162f1c047433e2dcd9a0b193aa"}
,"C:\\MOSTAFA\\2eme-annee-briefs\\Tirelire\\src\\services\\user.services.js": {"path":"C:\\MOSTAFA\\2eme-annee-briefs\\Tirelire\\src\\services\\user.services.js","statementMap":{"0":{"start":{"line":1,"column":13},"end":{"line":1,"column":44}},"1":{"start":{"line":2,"column":12},"end":{"line":2,"column":35}},"2":{"start":{"line":6,"column":8},"end":{"line":6,"column":39}},"3":{"start":{"line":10,"column":21},"end":{"line":10,"column":62}},"4":{"start":{"line":12,"column":8},"end":{"line":14,"column":9}},"5":{"start":{"line":13,"column":12},"end":{"line":13,"column":63}},"6":{"start":{"line":16,"column":25},"end":{"line":21,"column":9}},"7":{"start":{"line":23,"column":22},"end":{"line":23,"column":85}},"8":{"start":{"line":25,"column":8},"end":{"line":25,"column":21}},"9":{"start":{"line":29,"column":0},"end":{"line":29,"column":35}}},"fnMap":{"0":{"name":"(anonymous_0)","decl":{"start":{"line":5,"column":4},"end":{"line":5,"column":5}},"loc":{"start":{"line":5,"column":22},"end":{"line":7,"column":5}},"line":5},"1":{"name":"(anonymous_1)","decl":{"start":{"line":9,"column":4},"end":{"line":9,"column":5}},"loc":{"start":{"line":9,"column":22},"end":{"line":26,"column":5}},"line":9}},"branchMap":{"0":{"loc":{"start":{"line":12,"column":8},"end":{"line":14,"column":9}},"type":"if","locations":[{"start":{"line":12,"column":8},"end":{"line":14,"column":9}},{"start":{},"end":{}}],"line":12},"1":{"loc":{"start":{"line":12,"column":11},"end":{"line":12,"column":51}},"type":"binary-expr","locations":[{"start":{"line":12,"column":11},"end":{"line":12,"column":16}},{"start":{"line":12,"column":20},"end":{"line":12,"column":51}}],"line":12}},"s":{"0":2,"1":2,"2":1,"3":3,"4":3,"5":2,"6":1,"7":1,"8":1,"9":2},"f":{"0":1,"1":3},"b":{"0":[2,1],"1":[3,2]},"_coverageSchema":"1a1c01bbd47fc00a2c39e90264f33305004495a9","hash":"7f39269af9f95b3d15ccc9f11ec8c01d0e5cde71"}
}
