TN:
SF:src\controllers\group.controller.js
FN:4,(anonymous_0)
FN:15,(anonymous_1)
FN:26,(anonymous_2)
FN:36,(anonymous_3)
FN:50,(anonymous_4)
FNF:5
FNH:5
FNDA:2,(anonymous_0)
FNDA:2,(anonymous_1)
FNDA:2,(anonymous_2)
FNDA:2,(anonymous_3)
FNDA:2,(anonymous_4)
DA:1,1
DA:5,2
DA:6,2
DA:8,2
DA:9,1
DA:11,1
DA:16,2
DA:18,2
DA:19,1
DA:21,1
DA:27,2
DA:29,2
DA:30,1
DA:32,1
DA:37,2
DA:39,2
DA:41,1
DA:46,1
DA:51,2
DA:53,2
DA:54,1
DA:56,1
DA:61,1
LF:23
LH:23
BRF:0
BRH:0
end_of_record
TN:
SF:src\controllers\message.controller.js
FN:4,(anonymous_0)
FN:13,(anonymous_1)
FNF:2
FNH:2
FNDA:2,(anonymous_0)
FNDA:2,(anonymous_1)
DA:1,1
DA:5,2
DA:6,2
DA:7,1
DA:9,1
DA:14,2
DA:15,2
DA:16,1
DA:18,1
DA:23,1
LF:10
LH:10
BRF:0
BRH:0
end_of_record
TN:
SF:src\controllers\payment.controller.js
FN:5,(anonymous_0)
FNF:1
FNH:1
FNDA:2,(anonymous_0)
DA:1,1
DA:6,2
DA:7,2
DA:8,2
DA:9,2
DA:10,1
DA:17,1
DA:22,1
LF:8
LH:8
BRF:0
BRH:0
end_of_record
TN:
SF:src\controllers\round.controller.js
FN:4,(anonymous_0)
FNF:1
FNH:1
FNDA:2,(anonymous_0)
DA:1,1
DA:5,2
DA:7,2
DA:9,1
DA:14,1
DA:19,1
LF:6
LH:6
BRF:0
BRH:0
end_of_record
TN:
SF:src\controllers\user.controller.js
FN:4,(anonymous_0)
FN:22,(anonymous_1)
FNF:2
FNH:2
FNDA:2,(anonymous_0)
FNDA:2,(anonymous_1)
DA:1,1
DA:5,2
DA:6,2
DA:15,2
DA:16,1
DA:18,1
DA:23,2
DA:24,2
DA:25,1
DA:27,1
DA:32,1
LF:11
LH:11
BRDA:12,0,0,2
BRDA:12,0,1,0
BRF:2
BRH:1
end_of_record
TN:
SF:src\models\group.model.js
FNF:0
FNH:0
DA:1,8
DA:2,8
DA:4,8
DA:21,8
DA:23,8
LF:5
LH:5
BRF:0
BRH:0
end_of_record
TN:
SF:src\models\message.model.js
FNF:0
FNH:0
DA:1,2
DA:2,2
DA:4,2
DA:18,2
DA:20,2
LF:5
LH:5
BRF:0
BRH:0
end_of_record
TN:
SF:src\models\payment.model.js
FNF:0
FNH:0
DA:1,2
DA:2,2
DA:4,2
DA:15,2
DA:17,2
LF:5
LH:5
BRF:0
BRH:0
end_of_record
TN:
SF:src\models\round.model.js
FNF:0
FNH:0
DA:1,6
DA:2,6
DA:4,6
DA:11,6
DA:22,6
DA:24,6
LF:6
LH:6
BRF:0
BRH:0
end_of_record
TN:
SF:src\models\user.model.js
FNF:0
FNH:0
DA:1,6
DA:2,6
DA:4,6
DA:28,6
DA:29,6
LF:5
LH:5
BRF:0
BRH:0
end_of_record
TN:
SF:src\services\group.services.js
FN:9,(anonymous_0)
FN:23,(anonymous_1)
FN:47,(anonymous_2)
FN:54,(anonymous_3)
FN:76,(anonymous_4)
FN:85,(anonymous_5)
FN:108,(anonymous_6)
FN:137,(anonymous_7)
FNF:8
FNH:2
FNDA:2,(anonymous_0)
FNDA:0,(anonymous_1)
FNDA:0,(anonymous_2)
FNDA:0,(anonymous_3)
FNDA:0,(anonymous_4)
FNDA:0,(anonymous_5)
FNDA:0,(anonymous_6)
FNDA:1,(anonymous_7)
DA:1,2
DA:2,2
DA:3,2
DA:4,2
DA:5,2
DA:6,2
DA:10,2
DA:11,2
DA:14,1
DA:16,1
DA:19,1
DA:24,0
DA:25,0
DA:26,0
DA:29,0
DA:30,0
DA:31,0
DA:33,0
DA:34,0
DA:39,0
DA:40,0
DA:43,0
DA:48,0
DA:49,0
DA:51,0
DA:54,0
DA:55,0
DA:58,0
DA:59,0
DA:62,0
DA:63,0
DA:66,0
DA:67,0
DA:68,0
DA:71,0
DA:72,0
DA:76,0
DA:77,0
DA:78,0
DA:81,0
DA:86,0
DA:87,0
DA:88,0
DA:91,0
DA:92,0
DA:96,0
DA:97,0
DA:98,0
DA:100,0
DA:102,0
DA:104,0
DA:109,0
DA:110,0
DA:111,0
DA:112,0
DA:113,0
DA:115,0
DA:116,0
DA:118,0
DA:121,0
DA:122,0
DA:123,0
DA:124,0
DA:128,0
DA:131,0
DA:133,0
DA:138,1
DA:139,1
DA:141,1
DA:142,1
DA:143,0
DA:144,0
DA:145,0
DA:148,1
DA:153,2
LF:75
LH:17
BRDA:26,0,0,0
BRDA:26,0,1,0
BRDA:33,1,0,0
BRDA:33,1,1,0
BRDA:51,2,0,0
BRDA:51,2,1,0
BRDA:55,3,0,0
BRDA:55,3,1,0
BRDA:58,4,0,0
BRDA:58,4,1,0
BRDA:63,5,0,0
BRDA:63,5,1,0
BRDA:63,6,0,0
BRDA:63,6,1,0
BRDA:67,7,0,0
BRDA:67,7,1,0
BRDA:88,8,0,0
BRDA:88,8,1,0
BRDA:91,9,0,0
BRDA:91,9,1,0
BRDA:96,10,0,0
BRDA:96,10,1,0
BRDA:97,11,0,0
BRDA:97,11,1,0
BRDA:98,12,0,0
BRDA:98,12,1,0
BRDA:122,13,0,0
BRDA:122,13,1,0
BRDA:139,14,0,1
BRDA:139,14,1,0
BRDA:143,15,0,0
BRDA:143,15,1,0
BRF:32
BRH:1
end_of_record
TN:
SF:src\services\message.services.js
FN:5,(anonymous_0)
FN:10,(anonymous_1)
FN:22,(anonymous_2)
FN:26,(anonymous_3)
FNF:4
FNH:2
FNDA:2,(anonymous_0)
FNDA:1,(anonymous_1)
FNDA:0,(anonymous_2)
FNDA:0,(anonymous_3)
DA:1,2
DA:2,2
DA:7,2
DA:8,2
DA:10,1
DA:11,1
DA:13,1
DA:19,1
DA:23,0
DA:24,0
DA:26,0
DA:27,0
DA:29,0
DA:31,0
DA:37,2
LF:15
LH:9
BRDA:8,0,0,1
BRDA:8,0,1,1
BRDA:11,1,0,0
BRDA:11,1,1,1
BRDA:17,2,0,1
BRDA:17,2,1,1
BRDA:24,3,0,0
BRDA:24,3,1,0
BRDA:27,4,0,0
BRDA:27,4,1,0
BRF:10
BRH:5
end_of_record
TN:
SF:src\services\payment.service.js
FN:8,(anonymous_0)
FN:17,(anonymous_1)
FN:21,(anonymous_2)
FNF:3
FNH:2
FNDA:1,(anonymous_0)
FNDA:1,(anonymous_1)
FNDA:0,(anonymous_2)
DA:1,2
DA:2,2
DA:3,2
DA:4,2
DA:5,2
DA:10,1
DA:11,1
DA:13,1
DA:14,1
DA:17,1
DA:18,1
DA:21,1
DA:23,1
DA:25,1
DA:26,1
DA:32,1
DA:33,1
DA:39,1
DA:41,1
DA:50,1
DA:58,2
LF:21
LH:21
BRDA:11,0,0,0
BRDA:11,0,1,1
BRDA:14,1,0,0
BRDA:14,1,1,1
BRDA:18,2,0,0
BRDA:18,2,1,1
BRDA:23,3,0,0
BRDA:23,3,1,1
BRF:8
BRH:4
end_of_record
TN:
SF:src\services\round.services.js
FN:6,(anonymous_0)
FN:16,(anonymous_1)
FN:36,(anonymous_2)
FN:48,(anonymous_3)
FN:62,(anonymous_4)
FN:65,(anonymous_5)
FN:67,(anonymous_6)
FNF:7
FNH:5
FNDA:2,(anonymous_0)
FNDA:0,(anonymous_1)
FNDA:4,(anonymous_2)
FNDA:2,(anonymous_3)
FNDA:0,(anonymous_4)
FNDA:1,(anonymous_5)
FNDA:1,(anonymous_6)
DA:1,4
DA:2,4
DA:3,4
DA:7,2
DA:8,2
DA:9,1
DA:10,0
DA:13,1
DA:14,1
DA:16,1
DA:19,1
DA:30,1
DA:32,1
DA:37,4
DA:39,4
DA:40,3
DA:41,1
DA:42,1
DA:45,4
DA:49,2
DA:50,2
DA:53,1
DA:55,1
DA:56,0
DA:60,1
DA:62,1
DA:65,1
DA:67,1
DA:69,1
DA:70,0
DA:71,0
DA:72,0
DA:73,0
DA:77,1
DA:78,1
DA:79,1
DA:81,1
DA:92,1
DA:96,4
LF:39
LH:33
BRDA:9,0,0,0
BRDA:9,0,1,1
BRDA:36,1,0,0
BRDA:39,2,0,3
BRDA:39,2,1,1
BRDA:41,3,0,1
BRDA:41,3,1,0
BRDA:50,4,0,1
BRDA:50,4,1,1
BRDA:55,5,0,0
BRDA:55,5,1,1
BRDA:55,6,0,1
BRDA:55,6,1,1
BRDA:69,7,0,0
BRDA:69,7,1,1
BRDA:70,8,0,0
BRDA:70,8,1,0
BRDA:77,9,0,1
BRDA:77,9,1,0
BRDA:78,10,0,1
BRDA:78,10,1,0
BRF:21
BRH:12
end_of_record
TN:
SF:src\services\user.services.js
FN:5,(anonymous_0)
FN:9,(anonymous_1)
FNF:2
FNH:2
FNDA:1,(anonymous_0)
FNDA:3,(anonymous_1)
DA:1,2
DA:2,2
DA:6,1
DA:10,3
DA:12,3
DA:13,2
DA:16,1
DA:23,1
DA:25,1
DA:29,2
LF:10
LH:10
BRDA:12,0,0,2
BRDA:12,0,1,1
BRDA:12,1,0,3
BRDA:12,1,1,2
BRF:4
BRH:4
end_of_record
